Build started 02.06.2015 20:44:02.
     1>Project "D:\Documents\Projects\GitHub\BattleCity\Intelligences\MedChestSearch\AIExample\AIExample.vcxproj" on node 2 (Build target(s)).
     1>ClCompile:
         C:\Software\Development\Microsoft Visual Studio 11.0\VC\bin\CL.exe /c /ZI /nologo /W3 /WX- /Od /Oy- /D WIN32 /D _DEBUG /D _WINDOWS /D _USRDLL /D AIEXAMPLE_EXPORTS /D _WINDLL /D _UNICODE /D UNICODE /Gm /EHsc /RTC1 /MDd /GS /fp:precise /Zc:wchar_t /Zc:forScope /Yc"stdafx.h" /Fp"Debug\AIExample.pch" /Fo"Debug\\" /Fd"Debug\vc110.pdb" /Gd /TP /analyze- /errorReport:prompt stdafx.cpp
         stdafx.cpp
         C:\Software\Development\Microsoft Visual Studio 11.0\VC\bin\CL.exe /c /ZI /nologo /W3 /WX- /Od /Oy- /D WIN32 /D _DEBUG /D _WINDOWS /D _USRDLL /D AIEXAMPLE_EXPORTS /D _WINDLL /D _UNICODE /D UNICODE /Gm /EHsc /RTC1 /MDd /GS /fp:precise /Zc:wchar_t /Zc:forScope /Yu"stdafx.h" /Fp"Debug\AIExample.pch" /Fo"Debug\\" /Fd"Debug\vc110.pdb" /Gd /TP /analyze- /errorReport:prompt AIExample.cpp
         AIExample.cpp
     1>d:\documents\projects\github\battlecity\intelligences\medchestsearch\aiexample\aiexample.cpp(189): warning C4244: '=' : conversion from 'double' to 'int', possible loss of data
         C:\Software\Development\Microsoft Visual Studio 11.0\VC\bin\CL.exe /c /ZI /nologo /W3 /WX- /Od /Oy- /D WIN32 /D _DEBUG /D _WINDOWS /D _USRDLL /D AIEXAMPLE_EXPORTS /D _WINDLL /D _UNICODE /D UNICODE /Gm /EHsc /RTC1 /MDd /GS /fp:precise /Zc:wchar_t /Zc:forScope /Fo"Debug\\" /Fd"Debug\vc110.pdb" /Gd /TP /analyze- /errorReport:prompt dllmain.cpp
         dllmain.cpp
       Link:
         C:\Software\Development\Microsoft Visual Studio 11.0\VC\bin\link.exe /ERRORREPORT:PROMPT /OUT:"D:\Documents\Projects\GitHub\BattleCity\Intelligences\MedChestSearch\Debug\AIExample.dll" /INCREMENTAL /NOLOGO kernel32.lib user32.lib gdi32.lib winspool.lib comdlg32.lib advapi32.lib shell32.lib ole32.lib oleaut32.lib uuid.lib odbc32.lib odbccp32.lib /MANIFEST /MANIFESTUAC:"level='asInvoker' uiAccess='false'" /manifest:embed /DEBUG /PDB:"D:\Documents\Projects\GitHub\BattleCity\Intelligences\MedChestSearch\Debug\AIExample.pdb" /SUBSYSTEM:WINDOWS /TLBID:1 /DYNAMICBASE /NXCOMPAT /IMPLIB:"D:\Documents\Projects\GitHub\BattleCity\Intelligences\MedChestSearch\Debug\AIExample.lib" /MACHINE:X86 /SAFESEH /DLL Debug\AIExample.obj
         Debug\dllmain.obj
         Debug\stdafx.obj
     1>AIExample.obj : warning LNK4075: ignoring '/EDITANDCONTINUE' due to '/SAFESEH' specification
            Creating library D:\Documents\Projects\GitHub\BattleCity\Intelligences\MedChestSearch\Debug\AIExample.lib and object D:\Documents\Projects\GitHub\BattleCity\Intelligences\MedChestSearch\Debug\AIExample.exp
         AIExample.vcxproj -> D:\Documents\Projects\GitHub\BattleCity\Intelligences\MedChestSearch\Debug\AIExample.dll
     1>Done Building Project "D:\Documents\Projects\GitHub\BattleCity\Intelligences\MedChestSearch\AIExample\AIExample.vcxproj" (Build target(s)).

Build succeeded.

Time Elapsed 00:00:02.44
