Build started 03.06.2015 10:03:19.
     1>Project "D:\Documents\Projects\GitHub\BattleCity\Intelligences\Circle\AIExample\AIExample.vcxproj" on node 2 (Build target(s)).
     1>ClCompile:
         C:\Software\Development\Microsoft Visual Studio 11.0\VC\bin\CL.exe /c /Zi /nologo /W3 /WX- /O2 /Oi /Oy- /GL /D WIN32 /D NDEBUG /D _WINDOWS /D _USRDLL /D AIEXAMPLE_EXPORTS /D _WINDLL /D _UNICODE /D UNICODE /Gm- /EHsc /MT /GS /Gy /fp:precise /Zc:wchar_t /Zc:forScope /Yc"stdafx.h" /Fp"Release\AIExample.pch" /Fo"Release\\" /Fd"Release\vc110.pdb" /Gd /TP /analyze- /errorReport:prompt stdafx.cpp
         stdafx.cpp
         C:\Software\Development\Microsoft Visual Studio 11.0\VC\bin\CL.exe /c /Zi /nologo /W0 /WX- /O2 /Oi /Oy- /GL /D WIN32 /D NDEBUG /D _WINDOWS /D _USRDLL /D AIEXAMPLE_EXPORTS /D _WINDLL /D _UNICODE /D UNICODE /Gm- /EHsc /MT /GS /Gy /fp:precise /Zc:wchar_t /Zc:forScope /Yu"stdafx.h" /Fp"Release\AIExample.pch" /Fo"Release\\" /Fd"Release\vc110.pdb" /Gd /TP /analyze- /errorReport:prompt AIExample.cpp
         AIExample.cpp
         C:\Software\Development\Microsoft Visual Studio 11.0\VC\bin\CL.exe /c /Zi /nologo /W3 /WX- /O2 /Oi /Oy- /GL /D WIN32 /D NDEBUG /D _WINDOWS /D _USRDLL /D AIEXAMPLE_EXPORTS /D _WINDLL /D _UNICODE /D UNICODE /Gm- /EHsc /MT /GS /Gy /fp:precise /Zc:wchar_t /Zc:forScope /Fo"Release\\" /Fd"Release\vc110.pdb" /Gd /TP /analyze- /errorReport:prompt dllmain.cpp
         dllmain.cpp
     1>C:\Program Files (x86)\MSBuild\Microsoft.Cpp\v4.0\V110\Microsoft.CppBuild.targets(1137,5): warning MSB8012: TargetPath(D:\Documents\Projects\GitHub\BattleCity\Intelligences\Circle\Release\AIExample.dll) does not match the Linker's OutputFile property value (D:\Documents\Projects\GitHub\BattleCity\Intelligences\Circle\Release\Circle.dll). This may cause your project to build incorrectly. To correct this, please make sure that $(OutDir), $(TargetName) and $(TargetExt) property values match the value specified in %(Link.OutputFile).
     1>C:\Program Files (x86)\MSBuild\Microsoft.Cpp\v4.0\V110\Microsoft.CppBuild.targets(1139,5): warning MSB8012: TargetName(AIExample) does not match the Linker's OutputFile property value (Circle). This may cause your project to build incorrectly. To correct this, please make sure that $(OutDir), $(TargetName) and $(TargetExt) property values match the value specified in %(Link.OutputFile).
       Link:
         C:\Software\Development\Microsoft Visual Studio 11.0\VC\bin\link.exe /ERRORREPORT:PROMPT /OUT:"D:\Documents\Projects\GitHub\BattleCity\Intelligences\Circle\Release\Circle.dll" /INCREMENTAL:NO /NOLOGO kernel32.lib user32.lib gdi32.lib winspool.lib comdlg32.lib advapi32.lib shell32.lib ole32.lib oleaut32.lib uuid.lib odbc32.lib odbccp32.lib /MANIFEST /MANIFESTUAC:"level='asInvoker' uiAccess='false'" /manifest:embed /DEBUG /PDB:"D:\Documents\Projects\GitHub\BattleCity\Intelligences\Circle\Release\AIExample.pdb" /SUBSYSTEM:WINDOWS /OPT:REF /OPT:ICF /LTCG /TLBID:1 /DYNAMICBASE /NXCOMPAT /IMPLIB:"D:\Documents\Projects\GitHub\BattleCity\Intelligences\Circle\Release\AIExample.lib" /MACHINE:X86 /SAFESEH /DLL Release\AIExample.obj
         Release\dllmain.obj
         Release\stdafx.obj
            Creating library D:\Documents\Projects\GitHub\BattleCity\Intelligences\Circle\Release\AIExample.lib and object D:\Documents\Projects\GitHub\BattleCity\Intelligences\Circle\Release\AIExample.exp
         Generating code
         Finished generating code
         AIExample.vcxproj -> D:\Documents\Projects\GitHub\BattleCity\Intelligences\Circle\Release\AIExample.dll
     1>Done Building Project "D:\Documents\Projects\GitHub\BattleCity\Intelligences\Circle\AIExample\AIExample.vcxproj" (Build target(s)).

Build succeeded.

Time Elapsed 00:00:01.31
